The system is: Darwin - 14.4.0 - x86_64
Compiling the C compiler identification source file "CMakeCCompilerId.c" succeeded.
Compiler:  
Build flags: 
Id flags: 

The output was:
0
2016-10-06 02:10:35.074 xcodebuild[13708:732173] [MT] PluginLoading: Required plug-in compatibility UUID 9F75337B-21B4-4ADC-B558-F9CADF7073A7 for plug-in at path '~/Library/Application Support/Developer/Shared/Xcode/Plug-ins/Alcatraz.xcplugin' not present in DVTPlugInCompatibilityUUIDs
2016-10-06 02:10:35.075 xcodebuild[13708:732173] Failed to load plugin at: /Users/dai/Library/Application Support/Developer/Shared/Xcode/Plug-ins/Alcatraz.xcplugin, skipping.  Reason for failure: *** -[__NSPlaceholderDictionary initWithObjects:forKeys:count:]: attempt to insert nil object from objects[0]
=== BUILD TARGET CompilerIdC OF PROJECT CompilerIdC WITH THE DEFAULT CONFIGURATION (Debug) ===

Check dependencies

Write auxiliary files
/bin/mkdir -p /Users/dai/cpp/sys/GLFW_Opengl/ShadowMap/Xcode/CMakeFiles/3.1.1/CompilerIdC/CompilerIdC.build/Debug/CompilerIdC.build
write-file /Users/dai/cpp/sys/GLFW_Opengl/ShadowMap/Xcode/CMakeFiles/3.1.1/CompilerIdC/CompilerIdC.build/Debug/CompilerIdC.build/CompilerIdC-generated-files.hmap
/bin/mkdir -p /Users/dai/cpp/sys/GLFW_Opengl/ShadowMap/Xcode/CMakeFiles/3.1.1/CompilerIdC/CompilerIdC.build/Debug/CompilerIdC.build/Objects-normal/i386
write-file /Users/dai/cpp/sys/GLFW_Opengl/ShadowMap/Xcode/CMakeFiles/3.1.1/CompilerIdC/CompilerIdC.build/Debug/CompilerIdC.build/Objects-normal/i386/CompilerIdC.LinkFileList
write-file /Users/dai/cpp/sys/GLFW_Opengl/ShadowMap/Xcode/CMakeFiles/3.1.1/CompilerIdC/CompilerIdC.build/Debug/CompilerIdC.build/CompilerIdC-project-headers.hmap
write-file /Users/dai/cpp/sys/GLFW_Opengl/ShadowMap/Xcode/CMakeFiles/3.1.1/CompilerIdC/CompilerIdC.build/Debug/CompilerIdC.build/CompilerIdC-own-target-headers.hmap
write-file /Users/dai/cpp/sys/GLFW_Opengl/ShadowMap/Xcode/CMakeFiles/3.1.1/CompilerIdC/CompilerIdC.build/Debug/CompilerIdC.build/CompilerIdC.hmap
write-file /Users/dai/cpp/sys/GLFW_Opengl/ShadowMap/Xcode/CMakeFiles/3.1.1/CompilerIdC/CompilerIdC.build/Debug/CompilerIdC.build/CompilerIdC-all-non-framework-target-headers.hmap
write-file /Users/dai/cpp/sys/GLFW_Opengl/ShadowMap/Xcode/CMakeFiles/3.1.1/CompilerIdC/CompilerIdC.build/Debug/CompilerIdC.build/CompilerIdC-all-target-headers.hmap
write-file /Users/dai/cpp/sys/GLFW_Opengl/ShadowMap/Xcode/CMakeFiles/3.1.1/CompilerIdC/CompilerIdC.build/Debug/CompilerIdC.build/Script-2C8FEB8E15DC1A1A00E56A5D.sh
chmod 0755 /Users/dai/cpp/sys/GLFW_Opengl/ShadowMap/Xcode/CMakeFiles/3.1.1/CompilerIdC/CompilerIdC.build/Debug/CompilerIdC.build/Script-2C8FEB8E15DC1A1A00E56A5D.sh

CompileC CompilerIdC.build/Debug/CompilerIdC.build/Objects-normal/i386/CMakeCCompilerId.o CMakeCCompilerId.c normal i386 c com.apple.compilers.llvm.clang.1_0.compiler
    cd /Users/dai/cpp/sys/GLFW_Opengl/ShadowMap/Xcode/CMakeFiles/3.1.1/CompilerIdC
    export LANG=en_US.US-ASCII
    /Applications/Xcode.app/Contents/Developer/Toolchains/XcodeDefault.xctoolchain/usr/bin/clang -x c -arch i386 -fmessage-length=0 -fdiagnostics-show-note-include-stack -fmacro-backtrace-limit=0 -Wno-trigraphs -fpascal-strings -Os -Wno-missing-field-initializers -Wno-missing-prototypes -Wno-return-type -Wno-missing-braces -Wparentheses -Wswitch -Wno-unused-function -Wno-unused-label -Wno-unused-parameter -Wno-unused-variable -Wunused-value -Wno-empty-body -Wno-uninitialized -Wno-unknown-pragmas -Wno-shadow -Wno-four-char-constants -Wno-conversion -Wno-constant-conversion -Wno-int-conversion -Wno-bool-conversion -Wno-enum-conversion -Wno-shorten-64-to-32 -Wpointer-sign -Wno-newline-eof -isysroot /Applications/Xcode.app/Contents/Developer/Platforms/MacOSX.platform/Developer/SDKs/MacOSX10.10.sdk -fasm-blocks -fstrict-aliasing -Wdeprecated-declarations -mmacosx-version-min=10.10 -g -fvisibility=hidden -Wno-sign-conversion -I/Users/dai/cpp/sys/GLFW_Opengl/ShadowMap/Xcode/CMakeFiles/3.1.1/CompilerIdC/CompilerIdC.build/Debug/CompilerIdC.build/CompilerIdC.hmap -I/Users/dai/cpp/sys/GLFW_Opengl/ShadowMap/Xcode/CMakeFiles/3.1.1/CompilerIdC/include -I/Applications/Xcode.app/Contents/Developer/Toolchains/XcodeDefault.xctoolchain/usr/include -I/Users/dai/cpp/sys/GLFW_Opengl/ShadowMap/Xcode/CMakeFiles/3.1.1/CompilerIdC/CompilerIdC.build/Debug/CompilerIdC.build/DerivedSources/i386 -I/Users/dai/cpp/sys/GLFW_Opengl/ShadowMap/Xcode/CMakeFiles/3.1.1/CompilerIdC/CompilerIdC.build/Debug/CompilerIdC.build/DerivedSources -F/Users/dai/cpp/sys/GLFW_Opengl/ShadowMap/Xcode/CMakeFiles/3.1.1/CompilerIdC -MMD -MT dependencies -MF /Users/dai/cpp/sys/GLFW_Opengl/ShadowMap/Xcode/CMakeFiles/3.1.1/CompilerIdC/CompilerIdC.build/Debug/CompilerIdC.build/Objects-normal/i386/CMakeCCompilerId.d --serialize-diagnostics /Users/dai/cpp/sys/GLFW_Opengl/ShadowMap/Xcode/CMakeFiles/3.1.1/CompilerIdC/CompilerIdC.build/Debug/CompilerIdC.build/Objects-normal/i386/CMakeCCompilerId.dia -c /Users/dai/cpp/sys/GLFW_Opengl/ShadowMap/Xcode/CMakeFiles/3.1.1/CompilerIdC/CMakeCCompilerId.c -o /Users/dai/cpp/sys/GLFW_Opengl/ShadowMap/Xcode/CMakeFiles/3.1.1/CompilerIdC/CompilerIdC.build/Debug/CompilerIdC.build/Objects-normal/i386/CMakeCCompilerId.o

Ld CompilerIdC normal i386
    cd /Users/dai/cpp/sys/GLFW_Opengl/ShadowMap/Xcode/CMakeFiles/3.1.1/CompilerIdC
    export MACOSX_DEPLOYMENT_TARGET=10.10
    /Applications/Xcode.app/Contents/Developer/Toolchains/XcodeDefault.xctoolchain/usr/bin/clang -arch i386 -isysroot /Applications/Xcode.app/Contents/Developer/Platforms/MacOSX.platform/Developer/SDKs/MacOSX10.10.sdk -L/Users/dai/cpp/sys/GLFW_Opengl/ShadowMap/Xcode/CMakeFiles/3.1.1/CompilerIdC -F/Users/dai/cpp/sys/GLFW_Opengl/ShadowMap/Xcode/CMakeFiles/3.1.1/CompilerIdC -filelist /Users/dai/cpp/sys/GLFW_Opengl/ShadowMap/Xcode/CMakeFiles/3.1.1/CompilerIdC/CompilerIdC.build/Debug/CompilerIdC.build/Objects-normal/i386/CompilerIdC.LinkFileList -mmacosx-version-min=10.10 -Xlinker -dependency_info -Xlinker /Users/dai/cpp/sys/GLFW_Opengl/ShadowMap/Xcode/CMakeFiles/3.1.1/CompilerIdC/CompilerIdC.build/Debug/CompilerIdC.build/Objects-normal/i386/CompilerIdC_dependency_info.dat -o /Users/dai/cpp/sys/GLFW_Opengl/ShadowMap/Xcode/CMakeFiles/3.1.1/CompilerIdC/CompilerIdC

PhaseScriptExecution Run\ Script CompilerIdC.build/Debug/CompilerIdC.build/Script-2C8FEB8E15DC1A1A00E56A5D.sh
    cd /Users/dai/cpp/sys/GLFW_Opengl/ShadowMap/Xcode/CMakeFiles/3.1.1/CompilerIdC
    /bin/sh -c /Users/dai/cpp/sys/GLFW_Opengl/ShadowMap/Xcode/CMakeFiles/3.1.1/CompilerIdC/CompilerIdC.build/Debug/CompilerIdC.build/Script-2C8FEB8E15DC1A1A00E56A5D.sh
GCC_VERSION=com.apple.compilers.llvm.clang.1_0

** BUILD SUCCEEDED **



Compilation of the C compiler identification source "CMakeCCompilerId.c" produced "CompilerIdC"

The C compiler identification is AppleClang, found in "/Users/dai/cpp/sys/GLFW_Opengl/ShadowMap/Xcode/CMakeFiles/3.1.1/CompilerIdC/CompilerIdC"

Compiling the CXX compiler identification source file "CMakeCXXCompilerId.cpp" succeeded.
Compiler:  
Build flags: 
Id flags: 

The output was:
0
2016-10-06 02:10:35.544 xcodebuild[13720:732222] [MT] PluginLoading: Required plug-in compatibility UUID 9F75337B-21B4-4ADC-B558-F9CADF7073A7 for plug-in at path '~/Library/Application Support/Developer/Shared/Xcode/Plug-ins/Alcatraz.xcplugin' not present in DVTPlugInCompatibilityUUIDs
2016-10-06 02:10:35.545 xcodebuild[13720:732222] Failed to load plugin at: /Users/dai/Library/Application Support/Developer/Shared/Xcode/Plug-ins/Alcatraz.xcplugin, skipping.  Reason for failure: *** -[__NSPlaceholderDictionary initWithObjects:forKeys:count:]: attempt to insert nil object from objects[0]
=== BUILD TARGET CompilerIdCXX OF PROJECT CompilerIdCXX WITH THE DEFAULT CONFIGURATION (Debug) ===

Check dependencies

Write auxiliary files
/bin/mkdir -p /Users/dai/cpp/sys/GLFW_Opengl/ShadowMap/Xcode/CMakeFiles/3.1.1/CompilerIdCXX/CompilerIdCXX.build/Debug/CompilerIdCXX.build
write-file /Users/dai/cpp/sys/GLFW_Opengl/ShadowMap/Xcode/CMakeFiles/3.1.1/CompilerIdCXX/CompilerIdCXX.build/Debug/CompilerIdCXX.build/CompilerIdCXX-all-target-headers.hmap
/bin/mkdir -p /Users/dai/cpp/sys/GLFW_Opengl/ShadowMap/Xcode/CMakeFiles/3.1.1/CompilerIdCXX/CompilerIdCXX.build/Debug/CompilerIdCXX.build/Objects-normal/i386
write-file /Users/dai/cpp/sys/GLFW_Opengl/ShadowMap/Xcode/CMakeFiles/3.1.1/CompilerIdCXX/CompilerIdCXX.build/Debug/CompilerIdCXX.build/Objects-normal/i386/CompilerIdCXX.LinkFileList
write-file /Users/dai/cpp/sys/GLFW_Opengl/ShadowMap/Xcode/CMakeFiles/3.1.1/CompilerIdCXX/CompilerIdCXX.build/Debug/CompilerIdCXX.build/Script-2C8FEB8E15DC1A1A00E56A5D.sh
chmod 0755 /Users/dai/cpp/sys/GLFW_Opengl/ShadowMap/Xcode/CMakeFiles/3.1.1/CompilerIdCXX/CompilerIdCXX.build/Debug/CompilerIdCXX.build/Script-2C8FEB8E15DC1A1A00E56A5D.sh
write-file /Users/dai/cpp/sys/GLFW_Opengl/ShadowMap/Xcode/CMakeFiles/3.1.1/CompilerIdCXX/CompilerIdCXX.build/Debug/CompilerIdCXX.build/CompilerIdCXX-all-non-framework-target-headers.hmap
write-file /Users/dai/cpp/sys/GLFW_Opengl/ShadowMap/Xcode/CMakeFiles/3.1.1/CompilerIdCXX/CompilerIdCXX.build/Debug/CompilerIdCXX.build/CompilerIdCXX-generated-files.hmap
write-file /Users/dai/cpp/sys/GLFW_Opengl/ShadowMap/Xcode/CMakeFiles/3.1.1/CompilerIdCXX/CompilerIdCXX.build/Debug/CompilerIdCXX.build/CompilerIdCXX-own-target-headers.hmap
write-file /Users/dai/cpp/sys/GLFW_Opengl/ShadowMap/Xcode/CMakeFiles/3.1.1/CompilerIdCXX/CompilerIdCXX.build/Debug/CompilerIdCXX.build/CompilerIdCXX-project-headers.hmap
write-file /Users/dai/cpp/sys/GLFW_Opengl/ShadowMap/Xcode/CMakeFiles/3.1.1/CompilerIdCXX/CompilerIdCXX.build/Debug/CompilerIdCXX.build/CompilerIdCXX.hmap

CompileC CompilerIdCXX.build/Debug/CompilerIdCXX.build/Objects-normal/i386/CMakeCXXCompilerId.o CMakeCXXCompilerId.cpp normal i386 c++ com.apple.compilers.llvm.clang.1_0.compiler
    cd /Users/dai/cpp/sys/GLFW_Opengl/ShadowMap/Xcode/CMakeFiles/3.1.1/CompilerIdCXX
    export LANG=en_US.US-ASCII
    /Applications/Xcode.app/Contents/Developer/Toolchains/XcodeDefault.xctoolchain/usr/bin/clang -x c++ -arch i386 -fmessage-length=0 -fdiagnostics-show-note-include-stack -fmacro-backtrace-limit=0 -Wno-trigraphs -fpascal-strings -Os -Wno-missing-field-initializers -Wno-missing-prototypes -Wno-return-type -Wno-non-virtual-dtor -Wno-overloaded-virtual -Wno-exit-time-destructors -Wno-missing-braces -Wparentheses -Wswitch -Wno-unused-function -Wno-unused-label -Wno-unused-parameter -Wno-unused-variable -Wunused-value -Wno-empty-body -Wno-uninitialized -Wno-unknown-pragmas -Wno-shadow -Wno-four-char-constants -Wno-conversion -Wno-constant-conversion -Wno-int-conversion -Wno-bool-conversion -Wno-enum-conversion -Wno-shorten-64-to-32 -Wno-newline-eof -Wno-c++11-extensions -isysroot /Applications/Xcode.app/Contents/Developer/Platforms/MacOSX.platform/Developer/SDKs/MacOSX10.10.sdk -fasm-blocks -fstrict-aliasing -Wdeprecated-declarations -Winvalid-offsetof -mmacosx-version-min=10.10 -g -fvisibility=hidden -fvisibility-inlines-hidden -Wno-sign-conversion -I/Users/dai/cpp/sys/GLFW_Opengl/ShadowMap/Xcode/CMakeFiles/3.1.1/CompilerIdCXX/CompilerIdCXX.build/Debug/CompilerIdCXX.build/CompilerIdCXX.hmap -I/Users/dai/cpp/sys/GLFW_Opengl/ShadowMap/Xcode/CMakeFiles/3.1.1/CompilerIdCXX/include -I/Applications/Xcode.app/Contents/Developer/Toolchains/XcodeDefault.xctoolchain/usr/include -I/Users/dai/cpp/sys/GLFW_Opengl/ShadowMap/Xcode/CMakeFiles/3.1.1/CompilerIdCXX/CompilerIdCXX.build/Debug/CompilerIdCXX.build/DerivedSources/i386 -I/Users/dai/cpp/sys/GLFW_Opengl/ShadowMap/Xcode/CMakeFiles/3.1.1/CompilerIdCXX/CompilerIdCXX.build/Debug/CompilerIdCXX.build/DerivedSources -F/Users/dai/cpp/sys/GLFW_Opengl/ShadowMap/Xcode/CMakeFiles/3.1.1/CompilerIdCXX -MMD -MT dependencies -MF /Users/dai/cpp/sys/GLFW_Opengl/ShadowMap/Xcode/CMakeFiles/3.1.1/CompilerIdCXX/CompilerIdCXX.build/Debug/CompilerIdCXX.build/Objects-normal/i386/CMakeCXXCompilerId.d --serialize-diagnostics /Users/dai/cpp/sys/GLFW_Opengl/ShadowMap/Xcode/CMakeFiles/3.1.1/CompilerIdCXX/CompilerIdCXX.build/Debug/CompilerIdCXX.build/Objects-normal/i386/CMakeCXXCompilerId.dia -c /Users/dai/cpp/sys/GLFW_Opengl/ShadowMap/Xcode/CMakeFiles/3.1.1/CompilerIdCXX/CMakeCXXCompilerId.cpp -o /Users/dai/cpp/sys/GLFW_Opengl/ShadowMap/Xcode/CMakeFiles/3.1.1/CompilerIdCXX/CompilerIdCXX.build/Debug/CompilerIdCXX.build/Objects-normal/i386/CMakeCXXCompilerId.o

Ld CompilerIdCXX normal i386
    cd /Users/dai/cpp/sys/GLFW_Opengl/ShadowMap/Xcode/CMakeFiles/3.1.1/CompilerIdCXX
    export MACOSX_DEPLOYMENT_TARGET=10.10
    /Applications/Xcode.app/Contents/Developer/Toolchains/XcodeDefault.xctoolchain/usr/bin/clang++ -arch i386 -isysroot /Applications/Xcode.app/Contents/Developer/Platforms/MacOSX.platform/Developer/SDKs/MacOSX10.10.sdk -L/Users/dai/cpp/sys/GLFW_Opengl/ShadowMap/Xcode/CMakeFiles/3.1.1/CompilerIdCXX -F/Users/dai/cpp/sys/GLFW_Opengl/ShadowMap/Xcode/CMakeFiles/3.1.1/CompilerIdCXX -filelist /Users/dai/cpp/sys/GLFW_Opengl/ShadowMap/Xcode/CMakeFiles/3.1.1/CompilerIdCXX/CompilerIdCXX.build/Debug/CompilerIdCXX.build/Objects-normal/i386/CompilerIdCXX.LinkFileList -mmacosx-version-min=10.10 -Xlinker -dependency_info -Xlinker /Users/dai/cpp/sys/GLFW_Opengl/ShadowMap/Xcode/CMakeFiles/3.1.1/CompilerIdCXX/CompilerIdCXX.build/Debug/CompilerIdCXX.build/Objects-normal/i386/CompilerIdCXX_dependency_info.dat -o /Users/dai/cpp/sys/GLFW_Opengl/ShadowMap/Xcode/CMakeFiles/3.1.1/CompilerIdCXX/CompilerIdCXX

PhaseScriptExecution Run\ Script CompilerIdCXX.build/Debug/CompilerIdCXX.build/Script-2C8FEB8E15DC1A1A00E56A5D.sh
    cd /Users/dai/cpp/sys/GLFW_Opengl/ShadowMap/Xcode/CMakeFiles/3.1.1/CompilerIdCXX
    /bin/sh -c /Users/dai/cpp/sys/GLFW_Opengl/ShadowMap/Xcode/CMakeFiles/3.1.1/CompilerIdCXX/CompilerIdCXX.build/Debug/CompilerIdCXX.build/Script-2C8FEB8E15DC1A1A00E56A5D.sh
GCC_VERSION=com.apple.compilers.llvm.clang.1_0

** BUILD SUCCEEDED **



Compilation of the CXX compiler identification source "CMakeCXXCompilerId.cpp" produced "CompilerIdCXX"

The CXX compiler identification is AppleClang, found in "/Users/dai/cpp/sys/GLFW_Opengl/ShadowMap/Xcode/CMakeFiles/3.1.1/CompilerIdCXX/CompilerIdCXX"

Determining if the C compiler works passed with the following output:
Change Dir: /Users/dai/cpp/sys/GLFW_Opengl/ShadowMap/Xcode/CMakeFiles/CMakeTmp

Run Build Command:"/usr/local/Cellar/cmake/3.1.1/bin/cmakexbuild" "-project" "CMAKE_TRY_COMPILE.xcodeproj" "build" "-target" "cmTryCompileExec2829766403" "-configuration" "Debug"
2016-10-06 02:10:36.013 xcodebuild[13735:732260] [MT] PluginLoading: Required plug-in compatibility UUID 9F75337B-21B4-4ADC-B558-F9CADF7073A7 for plug-in at path '~/Library/Application Support/Developer/Shared/Xcode/Plug-ins/Alcatraz.xcplugin' not present in DVTPlugInCompatibilityUUIDs
2016-10-06 02:10:36.014 xcodebuild[13735:732260] Failed to load plugin at: /Users/dai/Library/Application Support/Developer/Shared/Xcode/Plug-ins/Alcatraz.xcplugin, skipping.  Reason for failure: *** -[__NSPlaceholderDictionary initWithObjects:forKeys:count:]: attempt to insert nil object from objects[0]
=== BUILD TARGET cmTryCompileExec2829766403 OF PROJECT CMAKE_TRY_COMPILE WITH CONFIGURATION Debug ===

Check dependencies

Write auxiliary files
/bin/mkdir -p /Users/dai/cpp/sys/GLFW_Opengl/ShadowMap/Xcode/CMakeFiles/CMakeTmp/CMAKE_TRY_COMPILE.build/Debug/cmTryCompileExec2829766403.build/Objects-normal/x86_64
write-file /Users/dai/cpp/sys/GLFW_Opengl/ShadowMap/Xcode/CMakeFiles/CMakeTmp/CMAKE_TRY_COMPILE.build/Debug/cmTryCompileExec2829766403.build/Objects-normal/x86_64/cmTryCompileExec2829766403.LinkFileList

CompileC CMAKE_TRY_COMPILE.build/Debug/cmTryCompileExec2829766403.build/Objects-normal/x86_64/testCCompiler.o testCCompiler.c normal x86_64 c com.apple.compilers.llvm.clang.1_0.compiler
    cd /Users/dai/cpp/sys/GLFW_Opengl/ShadowMap/Xcode/CMakeFiles/CMakeTmp
    export LANG=en_US.US-ASCII
    /Applications/Xcode.app/Contents/Developer/Toolchains/XcodeDefault.xctoolchain/usr/bin/clang -x c -arch x86_64 -fmessage-length=0 -fdiagnostics-show-note-include-stack -fmacro-backtrace-limit=0 -Wno-trigraphs -fpascal-strings -O0 -Wno-missing-field-initializers -Wno-missing-prototypes -Wno-return-type -Wno-missing-braces -Wparentheses -Wswitch -Wno-unused-function -Wno-unused-label -Wno-unused-parameter -Wno-unused-variable -Wunused-value -Wno-empty-body -Wno-uninitialized -Wno-unknown-pragmas -Wno-shadow -Wno-four-char-constants -Wno-conversion -Wno-constant-conversion -Wno-int-conversion -Wno-bool-conversion -Wno-enum-conversion -Wno-shorten-64-to-32 -Wpointer-sign -Wno-newline-eof -DCMAKE_INTDIR=\"Debug\" -isysroot /Applications/Xcode.app/Contents/Developer/Platforms/MacOSX.platform/Developer/SDKs/MacOSX10.10.sdk -fasm-blocks -fstrict-aliasing -Wdeprecated-declarations -mmacosx-version-min=10.10 -g -Wno-sign-conversion -I/Users/dai/cpp/sys/GLFW_Opengl/ShadowMap/Xcode/CMakeFiles/CMakeTmp/Debug/include -I/Applications/Xcode.app/Contents/Developer/Toolchains/XcodeDefault.xctoolchain/usr/include -I/Users/dai/cpp/sys/GLFW_Opengl/ShadowMap/Xcode/CMakeFiles/CMakeTmp/CMAKE_TRY_COMPILE.build/Debug/cmTryCompileExec2829766403.build/DerivedSources/x86_64 -I/Users/dai/cpp/sys/GLFW_Opengl/ShadowMap/Xcode/CMakeFiles/CMakeTmp/CMAKE_TRY_COMPILE.build/Debug/cmTryCompileExec2829766403.build/DerivedSources -Wmost -Wno-four-char-constants -Wno-unknown-pragmas -F/Users/dai/cpp/sys/GLFW_Opengl/ShadowMap/Xcode/CMakeFiles/CMakeTmp/Debug -MMD -MT dependencies -MF /Users/dai/cpp/sys/GLFW_Opengl/ShadowMap/Xcode/CMakeFiles/CMakeTmp/CMAKE_TRY_COMPILE.build/Debug/cmTryCompileExec2829766403.build/Objects-normal/x86_64/testCCompiler.d --serialize-diagnostics /Users/dai/cpp/sys/GLFW_Opengl/ShadowMap/Xcode/CMakeFiles/CMakeTmp/CMAKE_TRY_COMPILE.build/Debug/cmTryCompileExec2829766403.build/Objects-normal/x86_64/testCCompiler.dia -c /Users/dai/cpp/sys/GLFW_Opengl/ShadowMap/Xcode/CMakeFiles/CMakeTmp/testCCompiler.c -o /Users/dai/cpp/sys/GLFW_Opengl/ShadowMap/Xcode/CMakeFiles/CMakeTmp/CMAKE_TRY_COMPILE.build/Debug/cmTryCompileExec2829766403.build/Objects-normal/x86_64/testCCompiler.o

Ld Debug/cmTryCompileExec2829766403 normal x86_64
    cd /Users/dai/cpp/sys/GLFW_Opengl/ShadowMap/Xcode/CMakeFiles/CMakeTmp
    export MACOSX_DEPLOYMENT_TARGET=10.10
    /Applications/Xcode.app/Contents/Developer/Toolchains/XcodeDefault.xctoolchain/usr/bin/clang -arch x86_64 -isysroot /Applications/Xcode.app/Contents/Developer/Platforms/MacOSX.platform/Developer/SDKs/MacOSX10.10.sdk -L/Users/dai/cpp/sys/GLFW_Opengl/ShadowMap/Xcode/CMakeFiles/CMakeTmp/Debug -F/Users/dai/cpp/sys/GLFW_Opengl/ShadowMap/Xcode/CMakeFiles/CMakeTmp/Debug -filelist /Users/dai/cpp/sys/GLFW_Opengl/ShadowMap/Xcode/CMakeFiles/CMakeTmp/CMAKE_TRY_COMPILE.build/Debug/cmTryCompileExec2829766403.build/Objects-normal/x86_64/cmTryCompileExec2829766403.LinkFileList -mmacosx-version-min=10.10 -Wl,-search_paths_first -Wl,-headerpad_max_install_names -Xlinker -dependency_info -Xlinker /Users/dai/cpp/sys/GLFW_Opengl/ShadowMap/Xcode/CMakeFiles/CMakeTmp/CMAKE_TRY_COMPILE.build/Debug/cmTryCompileExec2829766403.build/Objects-normal/x86_64/cmTryCompileExec2829766403_dependency_info.dat -o /Users/dai/cpp/sys/GLFW_Opengl/ShadowMap/Xcode/CMakeFiles/CMakeTmp/Debug/cmTryCompileExec2829766403

** BUILD SUCCEEDED **



Detecting C compiler ABI info compiled with the following output:
Change Dir: /Users/dai/cpp/sys/GLFW_Opengl/ShadowMap/Xcode/CMakeFiles/CMakeTmp

Run Build Command:"/usr/local/Cellar/cmake/3.1.1/bin/cmakexbuild" "-project" "CMAKE_TRY_COMPILE.xcodeproj" "build" "-target" "cmTryCompileExec2766573957" "-configuration" "Debug"
2016-10-06 02:10:36.470 xcodebuild[13749:732297] [MT] PluginLoading: Required plug-in compatibility UUID 9F75337B-21B4-4ADC-B558-F9CADF7073A7 for plug-in at path '~/Library/Application Support/Developer/Shared/Xcode/Plug-ins/Alcatraz.xcplugin' not present in DVTPlugInCompatibilityUUIDs
2016-10-06 02:10:36.471 xcodebuild[13749:732297] Failed to load plugin at: /Users/dai/Library/Application Support/Developer/Shared/Xcode/Plug-ins/Alcatraz.xcplugin, skipping.  Reason for failure: *** -[__NSPlaceholderDictionary initWithObjects:forKeys:count:]: attempt to insert nil object from objects[0]
=== BUILD TARGET cmTryCompileExec2766573957 OF PROJECT CMAKE_TRY_COMPILE WITH CONFIGURATION Debug ===

Check dependencies

Write auxiliary files
/bin/mkdir -p /Users/dai/cpp/sys/GLFW_Opengl/ShadowMap/Xcode/CMakeFiles/CMakeTmp/CMAKE_TRY_COMPILE.build/Debug/cmTryCompileExec2766573957.build/Objects-normal/x86_64
write-file /Users/dai/cpp/sys/GLFW_Opengl/ShadowMap/Xcode/CMakeFiles/CMakeTmp/CMAKE_TRY_COMPILE.build/Debug/cmTryCompileExec2766573957.build/Objects-normal/x86_64/cmTryCompileExec2766573957.LinkFileList

CompileC CMAKE_TRY_COMPILE.build/Debug/cmTryCompileExec2766573957.build/Objects-normal/x86_64/CMakeCCompilerABI.o /usr/local/Cellar/cmake/3.1.1/share/cmake/Modules/CMakeCCompilerABI.c normal x86_64 c com.apple.compilers.llvm.clang.1_0.compiler
    cd /Users/dai/cpp/sys/GLFW_Opengl/ShadowMap/Xcode/CMakeFiles/CMakeTmp
    export LANG=en_US.US-ASCII
    /Applications/Xcode.app/Contents/Developer/Toolchains/XcodeDefault.xctoolchain/usr/bin/clang -x c -arch x86_64 -fmessage-length=0 -fdiagnostics-show-note-include-stack -fmacro-backtrace-limit=0 -Wno-trigraphs -fpascal-strings -O0 -Wno-missing-field-initializers -Wno-missing-prototypes -Wno-return-type -Wno-missing-braces -Wparentheses -Wswitch -Wno-unused-function -Wno-unused-label -Wno-unused-parameter -Wno-unused-variable -Wunused-value -Wno-empty-body -Wno-uninitialized -Wno-unknown-pragmas -Wno-shadow -Wno-four-char-constants -Wno-conversion -Wno-constant-conversion -Wno-int-conversion -Wno-bool-conversion -Wno-enum-conversion -Wno-shorten-64-to-32 -Wpointer-sign -Wno-newline-eof -DCMAKE_INTDIR=\"Debug\" -isysroot /Applications/Xcode.app/Contents/Developer/Platforms/MacOSX.platform/Developer/SDKs/MacOSX10.10.sdk -fasm-blocks -fstrict-aliasing -Wdeprecated-declarations -mmacosx-version-min=10.10 -g -Wno-sign-conversion -I/Users/dai/cpp/sys/GLFW_Opengl/ShadowMap/Xcode/CMakeFiles/CMakeTmp/Debug/include -I/Applications/Xcode.app/Contents/Developer/Toolchains/XcodeDefault.xctoolchain/usr/include -I/Users/dai/cpp/sys/GLFW_Opengl/ShadowMap/Xcode/CMakeFiles/CMakeTmp/CMAKE_TRY_COMPILE.build/Debug/cmTryCompileExec2766573957.build/DerivedSources/x86_64 -I/Users/dai/cpp/sys/GLFW_Opengl/ShadowMap/Xcode/CMakeFiles/CMakeTmp/CMAKE_TRY_COMPILE.build/Debug/cmTryCompileExec2766573957.build/DerivedSources -Wmost -Wno-four-char-constants -Wno-unknown-pragmas -F/Users/dai/cpp/sys/GLFW_Opengl/ShadowMap/Xcode/CMakeFiles/CMakeTmp/Debug -MMD -MT dependencies -MF /Users/dai/cpp/sys/GLFW_Opengl/ShadowMap/Xcode/CMakeFiles/CMakeTmp/CMAKE_TRY_COMPILE.build/Debug/cmTryCompileExec2766573957.build/Objects-normal/x86_64/CMakeCCompilerABI.d --serialize-diagnostics /Users/dai/cpp/sys/GLFW_Opengl/ShadowMap/Xcode/CMakeFiles/CMakeTmp/CMAKE_TRY_COMPILE.build/Debug/cmTryCompileExec2766573957.build/Objects-normal/x86_64/CMakeCCompilerABI.dia -c /usr/local/Cellar/cmake/3.1.1/share/cmake/Modules/CMakeCCompilerABI.c -o /Users/dai/cpp/sys/GLFW_Opengl/ShadowMap/Xcode/CMakeFiles/CMakeTmp/CMAKE_TRY_COMPILE.build/Debug/cmTryCompileExec2766573957.build/Objects-normal/x86_64/CMakeCCompilerABI.o

Ld Debug/cmTryCompileExec2766573957 normal x86_64
    cd /Users/dai/cpp/sys/GLFW_Opengl/ShadowMap/Xcode/CMakeFiles/CMakeTmp
    export MACOSX_DEPLOYMENT_TARGET=10.10
    /Applications/Xcode.app/Contents/Developer/Toolchains/XcodeDefault.xctoolchain/usr/bin/clang -arch x86_64 -isysroot /Applications/Xcode.app/Contents/Developer/Platforms/MacOSX.platform/Developer/SDKs/MacOSX10.10.sdk -L/Users/dai/cpp/sys/GLFW_Opengl/ShadowMap/Xcode/CMakeFiles/CMakeTmp/Debug -F/Users/dai/cpp/sys/GLFW_Opengl/ShadowMap/Xcode/CMakeFiles/CMakeTmp/Debug -filelist /Users/dai/cpp/sys/GLFW_Opengl/ShadowMap/Xcode/CMakeFiles/CMakeTmp/CMAKE_TRY_COMPILE.build/Debug/cmTryCompileExec2766573957.build/Objects-normal/x86_64/cmTryCompileExec2766573957.LinkFileList -mmacosx-version-min=10.10 -v -Wl,-v -Wl,-search_paths_first -Wl,-headerpad_max_install_names -Xlinker -dependency_info -Xlinker /Users/dai/cpp/sys/GLFW_Opengl/ShadowMap/Xcode/CMakeFiles/CMakeTmp/CMAKE_TRY_COMPILE.build/Debug/cmTryCompileExec2766573957.build/Objects-normal/x86_64/cmTryCompileExec2766573957_dependency_info.dat -o /Users/dai/cpp/sys/GLFW_Opengl/ShadowMap/Xcode/CMakeFiles/CMakeTmp/Debug/cmTryCompileExec2766573957
Apple LLVM version 6.1.0 (clang-602.0.49) (based on LLVM 3.6.0svn)
Target: x86_64-apple-darwin14.4.0
Thread model: posix
 "/Applications/Xcode.app/Contents/Developer/Toolchains/XcodeDefault.xctoolchain/usr/bin/ld" -demangle -dynamic -arch x86_64 -macosx_version_min 10.10.0 -syslibroot /Applications/Xcode.app/Contents/Developer/Platforms/MacOSX.platform/Developer/SDKs/MacOSX10.10.sdk -o /Users/dai/cpp/sys/GLFW_Opengl/ShadowMap/Xcode/CMakeFiles/CMakeTmp/Debug/cmTryCompileExec2766573957 -L/Users/dai/cpp/sys/GLFW_Opengl/ShadowMap/Xcode/CMakeFiles/CMakeTmp/Debug -filelist /Users/dai/cpp/sys/GLFW_Opengl/ShadowMap/Xcode/CMakeFiles/CMakeTmp/CMAKE_TRY_COMPILE.build/Debug/cmTryCompileExec2766573957.build/Objects-normal/x86_64/cmTryCompileExec2766573957.LinkFileList -v -search_paths_first -headerpad_max_install_names -dependency_info /Users/dai/cpp/sys/GLFW_Opengl/ShadowMap/Xcode/CMakeFiles/CMakeTmp/CMAKE_TRY_COMPILE.build/Debug/cmTryCompileExec2766573957.build/Objects-normal/x86_64/cmTryCompileExec2766573957_dependency_info.dat -lSystem /Applications/Xcode.app/Contents/Developer/Toolchains/XcodeDefault.xctoolchain/usr/bin/../lib/clang/6.1.0/lib/darwin/libclang_rt.osx.a -F/Users/dai/cpp/sys/GLFW_Opengl/ShadowMap/Xcode/CMakeFiles/CMakeTmp/Debug
@(#)PROGRAM:ld  PROJECT:ld64-242
configured to support archs: armv6 armv7 armv7s arm64 i386 x86_64 x86_64h armv6m armv7m armv7em
Library search paths:
	/Users/dai/cpp/sys/GLFW_Opengl/ShadowMap/Xcode/CMakeFiles/CMakeTmp/Debug
	/Applications/Xcode.app/Contents/Developer/Platforms/MacOSX.platform/Developer/SDKs/MacOSX10.10.sdk/usr/lib
Framework search paths:
	/Users/dai/cpp/sys/GLFW_Opengl/ShadowMap/Xcode/CMakeFiles/CMakeTmp/Debug
	/Applications/Xcode.app/Contents/Developer/Platforms/MacOSX.platform/Developer/SDKs/MacOSX10.10.sdk/System/Library/Frameworks/

** BUILD SUCCEEDED **



Parsed C implicit link information from above output:
  link line regex: [^( *|.*[/\])(ld|([^/\]+-)?ld|collect2)[^/\]*( |$)]
  ignore line: [Change Dir: /Users/dai/cpp/sys/GLFW_Opengl/ShadowMap/Xcode/CMakeFiles/CMakeTmp]
  ignore line: []
  ignore line: [Run Build Command:"/usr/local/Cellar/cmake/3.1.1/bin/cmakexbuild" "-project" "CMAKE_TRY_COMPILE.xcodeproj" "build" "-target" "cmTryCompileExec2766573957" "-configuration" "Debug"]
  ignore line: [2016-10-06 02:10:36.470 xcodebuild[13749:732297] [MT] PluginLoading: Required plug-in compatibility UUID 9F75337B-21B4-4ADC-B558-F9CADF7073A7 for plug-in at path '~/Library/Application Support/Developer/Shared/Xcode/Plug-ins/Alcatraz.xcplugin' not present in DVTPlugInCompatibilityUUIDs]
  ignore line: [2016-10-06 02:10:36.471 xcodebuild[13749:732297] Failed to load plugin at: /Users/dai/Library/Application Support/Developer/Shared/Xcode/Plug-ins/Alcatraz.xcplugin, skipping.  Reason for failure: *** -[__NSPlaceholderDictionary initWithObjects:forKeys:count:]: attempt to insert nil object from objects[0]]
  ignore line: [=== BUILD TARGET cmTryCompileExec2766573957 OF PROJECT CMAKE_TRY_COMPILE WITH CONFIGURATION Debug ===]
  ignore line: []
  ignore line: [Check dependencies]
  ignore line: []
  ignore line: [Write auxiliary files]
  ignore line: [/bin/mkdir -p /Users/dai/cpp/sys/GLFW_Opengl/ShadowMap/Xcode/CMakeFiles/CMakeTmp/CMAKE_TRY_COMPILE.build/Debug/cmTryCompileExec2766573957.build/Objects-normal/x86_64]
  ignore line: [write-file /Users/dai/cpp/sys/GLFW_Opengl/ShadowMap/Xcode/CMakeFiles/CMakeTmp/CMAKE_TRY_COMPILE.build/Debug/cmTryCompileExec2766573957.build/Objects-normal/x86_64/cmTryCompileExec2766573957.LinkFileList]
  ignore line: []
  ignore line: [CompileC CMAKE_TRY_COMPILE.build/Debug/cmTryCompileExec2766573957.build/Objects-normal/x86_64/CMakeCCompilerABI.o /usr/local/Cellar/cmake/3.1.1/share/cmake/Modules/CMakeCCompilerABI.c normal x86_64 c com.apple.compilers.llvm.clang.1_0.compiler]
  ignore line: [    cd /Users/dai/cpp/sys/GLFW_Opengl/ShadowMap/Xcode/CMakeFiles/CMakeTmp]
  ignore line: [    export LANG=en_US.US-ASCII]
  ignore line: [    /Applications/Xcode.app/Contents/Developer/Toolchains/XcodeDefault.xctoolchain/usr/bin/clang -x c -arch x86_64 -fmessage-length=0 -fdiagnostics-show-note-include-stack -fmacro-backtrace-limit=0 -Wno-trigraphs -fpascal-strings -O0 -Wno-missing-field-initializers -Wno-missing-prototypes -Wno-return-type -Wno-missing-braces -Wparentheses -Wswitch -Wno-unused-function -Wno-unused-label -Wno-unused-parameter -Wno-unused-variable -Wunused-value -Wno-empty-body -Wno-uninitialized -Wno-unknown-pragmas -Wno-shadow -Wno-four-char-constants -Wno-conversion -Wno-constant-conversion -Wno-int-conversion -Wno-bool-conversion -Wno-enum-conversion -Wno-shorten-64-to-32 -Wpointer-sign -Wno-newline-eof -DCMAKE_INTDIR=\"Debug\" -isysroot /Applications/Xcode.app/Contents/Developer/Platforms/MacOSX.platform/Developer/SDKs/MacOSX10.10.sdk -fasm-blocks -fstrict-aliasing -Wdeprecated-declarations -mmacosx-version-min=10.10 -g -Wno-sign-conversion -I/Users/dai/cpp/sys/GLFW_Opengl/ShadowMap/Xcode/CMakeFiles/CMakeTmp/Debug/include -I/Applications/Xcode.app/Contents/Developer/Toolchains/XcodeDefault.xctoolchain/usr/include -I/Users/dai/cpp/sys/GLFW_Opengl/ShadowMap/Xcode/CMakeFiles/CMakeTmp/CMAKE_TRY_COMPILE.build/Debug/cmTryCompileExec2766573957.build/DerivedSources/x86_64 -I/Users/dai/cpp/sys/GLFW_Opengl/ShadowMap/Xcode/CMakeFiles/CMakeTmp/CMAKE_TRY_COMPILE.build/Debug/cmTryCompileExec2766573957.build/DerivedSources -Wmost -Wno-four-char-constants -Wno-unknown-pragmas -F/Users/dai/cpp/sys/GLFW_Opengl/ShadowMap/Xcode/CMakeFiles/CMakeTmp/Debug -MMD -MT dependencies -MF /Users/dai/cpp/sys/GLFW_Opengl/ShadowMap/Xcode/CMakeFiles/CMakeTmp/CMAKE_TRY_COMPILE.build/Debug/cmTryCompileExec2766573957.build/Objects-normal/x86_64/CMakeCCompilerABI.d --serialize-diagnostics /Users/dai/cpp/sys/GLFW_Opengl/ShadowMap/Xcode/CMakeFiles/CMakeTmp/CMAKE_TRY_COMPILE.build/Debug/cmTryCompileExec2766573957.build/Objects-normal/x86_64/CMakeCCompilerABI.dia -c /usr/local/Cellar/cmake/3.1.1/share/cmake/Modules/CMakeCCompilerABI.c -o /Users/dai/cpp/sys/GLFW_Opengl/ShadowMap/Xcode/CMakeFiles/CMakeTmp/CMAKE_TRY_COMPILE.build/Debug/cmTryCompileExec2766573957.build/Objects-normal/x86_64/CMakeCCompilerABI.o]
  ignore line: []
  ignore line: [Ld Debug/cmTryCompileExec2766573957 normal x86_64]
  ignore line: [    cd /Users/dai/cpp/sys/GLFW_Opengl/ShadowMap/Xcode/CMakeFiles/CMakeTmp]
  ignore line: [    export MACOSX_DEPLOYMENT_TARGET=10.10]
  ignore line: [    /Applications/Xcode.app/Contents/Developer/Toolchains/XcodeDefault.xctoolchain/usr/bin/clang -arch x86_64 -isysroot /Applications/Xcode.app/Contents/Developer/Platforms/MacOSX.platform/Developer/SDKs/MacOSX10.10.sdk -L/Users/dai/cpp/sys/GLFW_Opengl/ShadowMap/Xcode/CMakeFiles/CMakeTmp/Debug -F/Users/dai/cpp/sys/GLFW_Opengl/ShadowMap/Xcode/CMakeFiles/CMakeTmp/Debug -filelist /Users/dai/cpp/sys/GLFW_Opengl/ShadowMap/Xcode/CMakeFiles/CMakeTmp/CMAKE_TRY_COMPILE.build/Debug/cmTryCompileExec2766573957.build/Objects-normal/x86_64/cmTryCompileExec2766573957.LinkFileList -mmacosx-version-min=10.10 -v -Wl,-v -Wl,-search_paths_first -Wl,-headerpad_max_install_names -Xlinker -dependency_info -Xlinker /Users/dai/cpp/sys/GLFW_Opengl/ShadowMap/Xcode/CMakeFiles/CMakeTmp/CMAKE_TRY_COMPILE.build/Debug/cmTryCompileExec2766573957.build/Objects-normal/x86_64/cmTryCompileExec2766573957_dependency_info.dat -o /Users/dai/cpp/sys/GLFW_Opengl/ShadowMap/Xcode/CMakeFiles/CMakeTmp/Debug/cmTryCompileExec2766573957]
  ignore line: [Apple LLVM version 6.1.0 (clang-602.0.49) (based on LLVM 3.6.0svn)]
  ignore line: [Target: x86_64-apple-darwin14.4.0]
  ignore line: [Thread model: posix]
  reduced line: [ "/Applications/Xcode.app/Contents/Developer/Toolchains/XcodeDefault.xctoolchain/usr/bin/ld" -demangle -dynamic -arch x86_64 -macosx_version_min 10.10.0 -syslibroot /Applications/Xcode.app/Contents/Developer/Platforms/MacOSX.platform/Developer/SDKs/MacOSX10.10.sdk -o /Users/dai/cpp/sys/GLFW_Opengl/ShadowMap/Xcode/CMakeFiles/CMakeTmp/Debug/cmTryCompileExec2766573957 -L/Users/dai/cpp/sys/GLFW_Opengl/ShadowMap/Xcode/CMakeFiles/CMakeTmp/Debug -filelist /Users/dai/cpp/sys/GLFW_Opengl/ShadowMap/Xcode/CMakeFiles/CMakeTmp/CMAKE_TRY_COMPILE.build/Debug/cmTryCompileExec2766573957.build/Objects-normal/x86_64/cmTryCompileExec2766573957.LinkFileList -v -search_paths_first -headerpad_max_install_names -dependency_info /Users/dai/cpp/sys/GLFW_Opengl/ShadowMap/Xcode/CMakeFiles/CMakeTmp/CMAKE_TRY_COMPILE.build/Debug/cmTryCompileExec2766573957.build/Objects-normal/x86_64/cmTryCompileExec2766573957_dependency_info.dat -lSystem /Applications/Xcode.app/Contents/Developer/Toolchains/XcodeDefault.xctoolchain/usr/bin/../lib/clang/6.1.0/lib/darwin/libclang_rt.osx.a -F/Users/dai/cpp/sys/GLFW_Opengl/ShadowMap/Xcode/CMakeFiles/CMakeTmp/Debug]
            to: [ "/Applications/Xcode.app/Contents/Developer/Toolchains/XcodeDefault.xctoolchain/usr/bin/ld" -demangle -dynamic -arch x86_64 -macosx_version_min 10.10.0 -syslibroot /Applications/Xcode.app/Contents/Developer/Platforms/MacOSX.platform/Developer/SDKs/MacOSX10.10.sdk -o /Users/dai/cpp/sys/GLFW_Opengl/ShadowMap/Xcode/CMakeFiles/CMakeTmp/Debug/cmTryCompileExec2766573957 -filelist /Users/dai/cpp/sys/GLFW_Opengl/ShadowMap/Xcode/CMakeFiles/CMakeTmp/CMAKE_TRY_COMPILE.build/Debug/cmTryCompileExec2766573957.build/Objects-normal/x86_64/cmTryCompileExec2766573957.LinkFileList -v -search_paths_first -headerpad_max_install_names -dependency_info /Users/dai/cpp/sys/GLFW_Opengl/ShadowMap/Xcode/CMakeFiles/CMakeTmp/CMAKE_TRY_COMPILE.build/Debug/cmTryCompileExec2766573957.build/Objects-normal/x86_64/cmTryCompileExec2766573957_dependency_info.dat -lSystem /Applications/Xcode.app/Contents/Developer/Toolchains/XcodeDefault.xctoolchain/usr/bin/../lib/clang/6.1.0/lib/darwin/libclang_rt.osx.a ]
  link line: [ "/Applications/Xcode.app/Contents/Developer/Toolchains/XcodeDefault.xctoolchain/usr/bin/ld" -demangle -dynamic -arch x86_64 -macosx_version_min 10.10.0 -syslibroot /Applications/Xcode.app/Contents/Developer/Platforms/MacOSX.platform/Developer/SDKs/MacOSX10.10.sdk -o /Users/dai/cpp/sys/GLFW_Opengl/ShadowMap/Xcode/CMakeFiles/CMakeTmp/Debug/cmTryCompileExec2766573957 -filelist /Users/dai/cpp/sys/GLFW_Opengl/ShadowMap/Xcode/CMakeFiles/CMakeTmp/CMAKE_TRY_COMPILE.build/Debug/cmTryCompileExec2766573957.build/Objects-normal/x86_64/cmTryCompileExec2766573957.LinkFileList -v -search_paths_first -headerpad_max_install_names -dependency_info /Users/dai/cpp/sys/GLFW_Opengl/ShadowMap/Xcode/CMakeFiles/CMakeTmp/CMAKE_TRY_COMPILE.build/Debug/cmTryCompileExec2766573957.build/Objects-normal/x86_64/cmTryCompileExec2766573957_dependency_info.dat -lSystem /Applications/Xcode.app/Contents/Developer/Toolchains/XcodeDefault.xctoolchain/usr/bin/../lib/clang/6.1.0/lib/darwin/libclang_rt.osx.a ]
    arg [/Applications/Xcode.app/Contents/Developer/Toolchains/XcodeDefault.xctoolchain/usr/bin/ld] ==> ignore
    arg [-demangle] ==> ignore
    arg [-dynamic] ==> ignore
    arg [-arch] ==> ignore
    arg [x86_64] ==> ignore
    arg [-macosx_version_min] ==> ignore
    arg [10.10.0] ==> ignore
    arg [-syslibroot] ==> ignore
    arg [/Applications/Xcode.app/Contents/Developer/Platforms/MacOSX.platform/Developer/SDKs/MacOSX10.10.sdk] ==> ignore
    arg [-o] ==> ignore
    arg [/Users/dai/cpp/sys/GLFW_Opengl/ShadowMap/Xcode/CMakeFiles/CMakeTmp/Debug/cmTryCompileExec2766573957] ==> ignore
    arg [-filelist] ==> ignore
    arg [/Users/dai/cpp/sys/GLFW_Opengl/ShadowMap/Xcode/CMakeFiles/CMakeTmp/CMAKE_TRY_COMPILE.build/Debug/cmTryCompileExec2766573957.build/Objects-normal/x86_64/cmTryCompileExec2766573957.LinkFileList] ==> ignore
    arg [-v] ==> ignore
    arg [-search_paths_first] ==> ignore
    arg [-headerpad_max_install_names] ==> ignore
    arg [-dependency_info] ==> ignore
    arg [/Users/dai/cpp/sys/GLFW_Opengl/ShadowMap/Xcode/CMakeFiles/CMakeTmp/CMAKE_TRY_COMPILE.build/Debug/cmTryCompileExec2766573957.build/Objects-normal/x86_64/cmTryCompileExec2766573957_dependency_info.dat] ==> ignore
    arg [-lSystem] ==> lib [System]
    arg [/Applications/Xcode.app/Contents/Developer/Toolchains/XcodeDefault.xctoolchain/usr/bin/../lib/clang/6.1.0/lib/darwin/libclang_rt.osx.a] ==> lib [/Applications/Xcode.app/Contents/Developer/Toolchains/XcodeDefault.xctoolchain/usr/bin/../lib/clang/6.1.0/lib/darwin/libclang_rt.osx.a]
  Library search paths: [;/Users/dai/cpp/sys/GLFW_Opengl/ShadowMap/Xcode/CMakeFiles/CMakeTmp/Debug;/Applications/Xcode.app/Contents/Developer/Platforms/MacOSX.platform/Developer/SDKs/MacOSX10.10.sdk/usr/lib]
  Framework search paths: [;/Users/dai/cpp/sys/GLFW_Opengl/ShadowMap/Xcode/CMakeFiles/CMakeTmp/Debug;/Applications/Xcode.app/Contents/Developer/Platforms/MacOSX.platform/Developer/SDKs/MacOSX10.10.sdk/System/Library/Frameworks/]
  remove lib [System]
  collapse lib [/Applications/Xcode.app/Contents/Developer/Toolchains/XcodeDefault.xctoolchain/usr/bin/../lib/clang/6.1.0/lib/darwin/libclang_rt.osx.a] ==> [/Applications/Xcode.app/Contents/Developer/Toolchains/XcodeDefault.xctoolchain/usr/lib/clang/6.1.0/lib/darwin/libclang_rt.osx.a]
  collapse library dir [/Users/dai/cpp/sys/GLFW_Opengl/ShadowMap/Xcode/CMakeFiles/CMakeTmp/Debug] ==> [/Users/dai/cpp/sys/GLFW_Opengl/ShadowMap/Xcode/CMakeFiles/CMakeTmp/Debug], skipping non-system directory
  collapse library dir [/Applications/Xcode.app/Contents/Developer/Platforms/MacOSX.platform/Developer/SDKs/MacOSX10.10.sdk/usr/lib] ==> [/Applications/Xcode.app/Contents/Developer/Platforms/MacOSX.platform/Developer/SDKs/MacOSX10.10.sdk/usr/lib]
  collapse framework dir [/Users/dai/cpp/sys/GLFW_Opengl/ShadowMap/Xcode/CMakeFiles/CMakeTmp/Debug] ==> [/Users/dai/cpp/sys/GLFW_Opengl/ShadowMap/Xcode/CMakeFiles/CMakeTmp/Debug], skipping non-system directory
  collapse framework dir [/Applications/Xcode.app/Contents/Developer/Platforms/MacOSX.platform/Developer/SDKs/MacOSX10.10.sdk/System/Library/Frameworks/] ==> [/Applications/Xcode.app/Contents/Developer/Platforms/MacOSX.platform/Developer/SDKs/MacOSX10.10.sdk/System/Library/Frameworks]
  implicit libs: [/Applications/Xcode.app/Contents/Developer/Toolchains/XcodeDefault.xctoolchain/usr/lib/clang/6.1.0/lib/darwin/libclang_rt.osx.a]
  implicit dirs: [/Applications/Xcode.app/Contents/Developer/Platforms/MacOSX.platform/Developer/SDKs/MacOSX10.10.sdk/usr/lib]
  implicit fwks: [/Applications/Xcode.app/Contents/Developer/Platforms/MacOSX.platform/Developer/SDKs/MacOSX10.10.sdk/System/Library/Frameworks]


Determining if the CXX compiler works passed with the following output:
Change Dir: /Users/dai/cpp/sys/GLFW_Opengl/ShadowMap/Xcode/CMakeFiles/CMakeTmp

Run Build Command:"/usr/local/Cellar/cmake/3.1.1/bin/cmakexbuild" "-project" "CMAKE_TRY_COMPILE.xcodeproj" "build" "-target" "cmTryCompileExec2520312035" "-configuration" "Debug"
2016-10-06 02:10:36.960 xcodebuild[13763:732339] [MT] PluginLoading: Required plug-in compatibility UUID 9F75337B-21B4-4ADC-B558-F9CADF7073A7 for plug-in at path '~/Library/Application Support/Developer/Shared/Xcode/Plug-ins/Alcatraz.xcplugin' not present in DVTPlugInCompatibilityUUIDs
2016-10-06 02:10:36.960 xcodebuild[13763:732339] Failed to load plugin at: /Users/dai/Library/Application Support/Developer/Shared/Xcode/Plug-ins/Alcatraz.xcplugin, skipping.  Reason for failure: *** -[__NSPlaceholderDictionary initWithObjects:forKeys:count:]: attempt to insert nil object from objects[0]
=== BUILD TARGET cmTryCompileExec2520312035 OF PROJECT CMAKE_TRY_COMPILE WITH CONFIGURATION Debug ===

Check dependencies

Write auxiliary files
/bin/mkdir -p /Users/dai/cpp/sys/GLFW_Opengl/ShadowMap/Xcode/CMakeFiles/CMakeTmp/CMAKE_TRY_COMPILE.build/Debug/cmTryCompileExec2520312035.build/Objects-normal/x86_64
write-file /Users/dai/cpp/sys/GLFW_Opengl/ShadowMap/Xcode/CMakeFiles/CMakeTmp/CMAKE_TRY_COMPILE.build/Debug/cmTryCompileExec2520312035.build/Objects-normal/x86_64/cmTryCompileExec2520312035.LinkFileList

CompileC CMAKE_TRY_COMPILE.build/Debug/cmTryCompileExec2520312035.build/Objects-normal/x86_64/testCXXCompiler.o testCXXCompiler.cxx normal x86_64 c++ com.apple.compilers.llvm.clang.1_0.compiler
    cd /Users/dai/cpp/sys/GLFW_Opengl/ShadowMap/Xcode/CMakeFiles/CMakeTmp
    export LANG=en_US.US-ASCII
    /Applications/Xcode.app/Contents/Developer/Toolchains/XcodeDefault.xctoolchain/usr/bin/clang -x c++ -arch x86_64 -fmessage-length=0 -fdiagnostics-show-note-include-stack -fmacro-backtrace-limit=0 -Wno-trigraphs -fpascal-strings -O0 -Wno-missing-field-initializers -Wno-missing-prototypes -Wno-return-type -Wno-non-virtual-dtor -Wno-overloaded-virtual -Wno-exit-time-destructors -Wno-missing-braces -Wparentheses -Wswitch -Wno-unused-function -Wno-unused-label -Wno-unused-parameter -Wno-unused-variable -Wunused-value -Wno-empty-body -Wno-uninitialized -Wno-unknown-pragmas -Wno-shadow -Wno-four-char-constants -Wno-conversion -Wno-constant-conversion -Wno-int-conversion -Wno-bool-conversion -Wno-enum-conversion -Wno-shorten-64-to-32 -Wno-newline-eof -Wno-c++11-extensions -DCMAKE_INTDIR=\"Debug\" -isysroot /Applications/Xcode.app/Contents/Developer/Platforms/MacOSX.platform/Developer/SDKs/MacOSX10.10.sdk -fasm-blocks -fstrict-aliasing -Wdeprecated-declarations -Winvalid-offsetof -mmacosx-version-min=10.10 -Wno-sign-conversion -I/Users/dai/cpp/sys/GLFW_Opengl/ShadowMap/Xcode/CMakeFiles/CMakeTmp/Debug/include -I/Applications/Xcode.app/Contents/Developer/Toolchains/XcodeDefault.xctoolchain/usr/include -I/Users/dai/cpp/sys/GLFW_Opengl/ShadowMap/Xcode/CMakeFiles/CMakeTmp/CMAKE_TRY_COMPILE.build/Debug/cmTryCompileExec2520312035.build/DerivedSources/x86_64 -I/Users/dai/cpp/sys/GLFW_Opengl/ShadowMap/Xcode/CMakeFiles/CMakeTmp/CMAKE_TRY_COMPILE.build/Debug/cmTryCompileExec2520312035.build/DerivedSources -Wmost -Wno-four-char-constants -Wno-unknown-pragmas -F/Users/dai/cpp/sys/GLFW_Opengl/ShadowMap/Xcode/CMakeFiles/CMakeTmp/Debug -g -MMD -MT dependencies -MF /Users/dai/cpp/sys/GLFW_Opengl/ShadowMap/Xcode/CMakeFiles/CMakeTmp/CMAKE_TRY_COMPILE.build/Debug/cmTryCompileExec2520312035.build/Objects-normal/x86_64/testCXXCompiler.d --serialize-diagnostics /Users/dai/cpp/sys/GLFW_Opengl/ShadowMap/Xcode/CMakeFiles/CMakeTmp/CMAKE_TRY_COMPILE.build/Debug/cmTryCompileExec2520312035.build/Objects-normal/x86_64/testCXXCompiler.dia -c /Users/dai/cpp/sys/GLFW_Opengl/ShadowMap/Xcode/CMakeFiles/CMakeTmp/testCXXCompiler.cxx -o /Users/dai/cpp/sys/GLFW_Opengl/ShadowMap/Xcode/CMakeFiles/CMakeTmp/CMAKE_TRY_COMPILE.build/Debug/cmTryCompileExec2520312035.build/Objects-normal/x86_64/testCXXCompiler.o

Ld Debug/cmTryCompileExec2520312035 normal x86_64
    cd /Users/dai/cpp/sys/GLFW_Opengl/ShadowMap/Xcode/CMakeFiles/CMakeTmp
    export MACOSX_DEPLOYMENT_TARGET=10.10
    /Applications/Xcode.app/Contents/Developer/Toolchains/XcodeDefault.xctoolchain/usr/bin/clang++ -arch x86_64 -isysroot /Applications/Xcode.app/Contents/Developer/Platforms/MacOSX.platform/Developer/SDKs/MacOSX10.10.sdk -L/Users/dai/cpp/sys/GLFW_Opengl/ShadowMap/Xcode/CMakeFiles/CMakeTmp/Debug -F/Users/dai/cpp/sys/GLFW_Opengl/ShadowMap/Xcode/CMakeFiles/CMakeTmp/Debug -filelist /Users/dai/cpp/sys/GLFW_Opengl/ShadowMap/Xcode/CMakeFiles/CMakeTmp/CMAKE_TRY_COMPILE.build/Debug/cmTryCompileExec2520312035.build/Objects-normal/x86_64/cmTryCompileExec2520312035.LinkFileList -mmacosx-version-min=10.10 -Wl,-search_paths_first -Wl,-headerpad_max_install_names -Xlinker -dependency_info -Xlinker /Users/dai/cpp/sys/GLFW_Opengl/ShadowMap/Xcode/CMakeFiles/CMakeTmp/CMAKE_TRY_COMPILE.build/Debug/cmTryCompileExec2520312035.build/Objects-normal/x86_64/cmTryCompileExec2520312035_dependency_info.dat -o /Users/dai/cpp/sys/GLFW_Opengl/ShadowMap/Xcode/CMakeFiles/CMakeTmp/Debug/cmTryCompileExec2520312035

** BUILD SUCCEEDED **



Detecting CXX compiler ABI info compiled with the following output:
Change Dir: /Users/dai/cpp/sys/GLFW_Opengl/ShadowMap/Xcode/CMakeFiles/CMakeTmp

Run Build Command:"/usr/local/Cellar/cmake/3.1.1/bin/cmakexbuild" "-project" "CMAKE_TRY_COMPILE.xcodeproj" "build" "-target" "cmTryCompileExec1015502321" "-configuration" "Debug"
2016-10-06 02:10:37.409 xcodebuild[13777:732380] [MT] PluginLoading: Required plug-in compatibility UUID 9F75337B-21B4-4ADC-B558-F9CADF7073A7 for plug-in at path '~/Library/Application Support/Developer/Shared/Xcode/Plug-ins/Alcatraz.xcplugin' not present in DVTPlugInCompatibilityUUIDs
2016-10-06 02:10:37.410 xcodebuild[13777:732380] Failed to load plugin at: /Users/dai/Library/Application Support/Developer/Shared/Xcode/Plug-ins/Alcatraz.xcplugin, skipping.  Reason for failure: *** -[__NSPlaceholderDictionary initWithObjects:forKeys:count:]: attempt to insert nil object from objects[0]
=== BUILD TARGET cmTryCompileExec1015502321 OF PROJECT CMAKE_TRY_COMPILE WITH CONFIGURATION Debug ===

Check dependencies

Write auxiliary files
/bin/mkdir -p /Users/dai/cpp/sys/GLFW_Opengl/ShadowMap/Xcode/CMakeFiles/CMakeTmp/CMAKE_TRY_COMPILE.build/Debug/cmTryCompileExec1015502321.build/Objects-normal/x86_64
write-file /Users/dai/cpp/sys/GLFW_Opengl/ShadowMap/Xcode/CMakeFiles/CMakeTmp/CMAKE_TRY_COMPILE.build/Debug/cmTryCompileExec1015502321.build/Objects-normal/x86_64/cmTryCompileExec1015502321.LinkFileList

CompileC CMAKE_TRY_COMPILE.build/Debug/cmTryCompileExec1015502321.build/Objects-normal/x86_64/CMakeCXXCompilerABI.o /usr/local/Cellar/cmake/3.1.1/share/cmake/Modules/CMakeCXXCompilerABI.cpp normal x86_64 c++ com.apple.compilers.llvm.clang.1_0.compiler
    cd /Users/dai/cpp/sys/GLFW_Opengl/ShadowMap/Xcode/CMakeFiles/CMakeTmp
    export LANG=en_US.US-ASCII
    /Applications/Xcode.app/Contents/Developer/Toolchains/XcodeDefault.xctoolchain/usr/bin/clang -x c++ -arch x86_64 -fmessage-length=0 -fdiagnostics-show-note-include-stack -fmacro-backtrace-limit=0 -Wno-trigraphs -fpascal-strings -O0 -Wno-missing-field-initializers -Wno-missing-prototypes -Wno-return-type -Wno-non-virtual-dtor -Wno-overloaded-virtual -Wno-exit-time-destructors -Wno-missing-braces -Wparentheses -Wswitch -Wno-unused-function -Wno-unused-label -Wno-unused-parameter -Wno-unused-variable -Wunused-value -Wno-empty-body -Wno-uninitialized -Wno-unknown-pragmas -Wno-shadow -Wno-four-char-constants -Wno-conversion -Wno-constant-conversion -Wno-int-conversion -Wno-bool-conversion -Wno-enum-conversion -Wno-shorten-64-to-32 -Wno-newline-eof -Wno-c++11-extensions -DCMAKE_INTDIR=\"Debug\" -isysroot /Applications/Xcode.app/Contents/Developer/Platforms/MacOSX.platform/Developer/SDKs/MacOSX10.10.sdk -fasm-blocks -fstrict-aliasing -Wdeprecated-declarations -Winvalid-offsetof -mmacosx-version-min=10.10 -Wno-sign-conversion -I/Users/dai/cpp/sys/GLFW_Opengl/ShadowMap/Xcode/CMakeFiles/CMakeTmp/Debug/include -I/Applications/Xcode.app/Contents/Developer/Toolchains/XcodeDefault.xctoolchain/usr/include -I/Users/dai/cpp/sys/GLFW_Opengl/ShadowMap/Xcode/CMakeFiles/CMakeTmp/CMAKE_TRY_COMPILE.build/Debug/cmTryCompileExec1015502321.build/DerivedSources/x86_64 -I/Users/dai/cpp/sys/GLFW_Opengl/ShadowMap/Xcode/CMakeFiles/CMakeTmp/CMAKE_TRY_COMPILE.build/Debug/cmTryCompileExec1015502321.build/DerivedSources -Wmost -Wno-four-char-constants -Wno-unknown-pragmas -F/Users/dai/cpp/sys/GLFW_Opengl/ShadowMap/Xcode/CMakeFiles/CMakeTmp/Debug -g -MMD -MT dependencies -MF /Users/dai/cpp/sys/GLFW_Opengl/ShadowMap/Xcode/CMakeFiles/CMakeTmp/CMAKE_TRY_COMPILE.build/Debug/cmTryCompileExec1015502321.build/Objects-normal/x86_64/CMakeCXXCompilerABI.d --serialize-diagnostics /Users/dai/cpp/sys/GLFW_Opengl/ShadowMap/Xcode/CMakeFiles/CMakeTmp/CMAKE_TRY_COMPILE.build/Debug/cmTryCompileExec1015502321.build/Objects-normal/x86_64/CMakeCXXCompilerABI.dia -c /usr/local/Cellar/cmake/3.1.1/share/cmake/Modules/CMakeCXXCompilerABI.cpp -o /Users/dai/cpp/sys/GLFW_Opengl/ShadowMap/Xcode/CMakeFiles/CMakeTmp/CMAKE_TRY_COMPILE.build/Debug/cmTryCompileExec1015502321.build/Objects-normal/x86_64/CMakeCXXCompilerABI.o

Ld Debug/cmTryCompileExec1015502321 normal x86_64
    cd /Users/dai/cpp/sys/GLFW_Opengl/ShadowMap/Xcode/CMakeFiles/CMakeTmp
    export MACOSX_DEPLOYMENT_TARGET=10.10
    /Applications/Xcode.app/Contents/Developer/Toolchains/XcodeDefault.xctoolchain/usr/bin/clang++ -arch x86_64 -isysroot /Applications/Xcode.app/Contents/Developer/Platforms/MacOSX.platform/Developer/SDKs/MacOSX10.10.sdk -L/Users/dai/cpp/sys/GLFW_Opengl/ShadowMap/Xcode/CMakeFiles/CMakeTmp/Debug -F/Users/dai/cpp/sys/GLFW_Opengl/ShadowMap/Xcode/CMakeFiles/CMakeTmp/Debug -filelist /Users/dai/cpp/sys/GLFW_Opengl/ShadowMap/Xcode/CMakeFiles/CMakeTmp/CMAKE_TRY_COMPILE.build/Debug/cmTryCompileExec1015502321.build/Objects-normal/x86_64/cmTryCompileExec1015502321.LinkFileList -mmacosx-version-min=10.10 -v -Wl,-v -Wl,-search_paths_first -Wl,-headerpad_max_install_names -Xlinker -dependency_info -Xlinker /Users/dai/cpp/sys/GLFW_Opengl/ShadowMap/Xcode/CMakeFiles/CMakeTmp/CMAKE_TRY_COMPILE.build/Debug/cmTryCompileExec1015502321.build/Objects-normal/x86_64/cmTryCompileExec1015502321_dependency_info.dat -o /Users/dai/cpp/sys/GLFW_Opengl/ShadowMap/Xcode/CMakeFiles/CMakeTmp/Debug/cmTryCompileExec1015502321
Apple LLVM version 6.1.0 (clang-602.0.49) (based on LLVM 3.6.0svn)
Target: x86_64-apple-darwin14.4.0
Thread model: posix
 "/Applications/Xcode.app/Contents/Developer/Toolchains/XcodeDefault.xctoolchain/usr/bin/ld" -demangle -dynamic -arch x86_64 -macosx_version_min 10.10.0 -syslibroot /Applications/Xcode.app/Contents/Developer/Platforms/MacOSX.platform/Developer/SDKs/MacOSX10.10.sdk -o /Users/dai/cpp/sys/GLFW_Opengl/ShadowMap/Xcode/CMakeFiles/CMakeTmp/Debug/cmTryCompileExec1015502321 -L/Users/dai/cpp/sys/GLFW_Opengl/ShadowMap/Xcode/CMakeFiles/CMakeTmp/Debug -filelist /Users/dai/cpp/sys/GLFW_Opengl/ShadowMap/Xcode/CMakeFiles/CMakeTmp/CMAKE_TRY_COMPILE.build/Debug/cmTryCompileExec1015502321.build/Objects-normal/x86_64/cmTryCompileExec1015502321.LinkFileList -v -search_paths_first -headerpad_max_install_names -dependency_info /Users/dai/cpp/sys/GLFW_Opengl/ShadowMap/Xcode/CMakeFiles/CMakeTmp/CMAKE_TRY_COMPILE.build/Debug/cmTryCompileExec1015502321.build/Objects-normal/x86_64/cmTryCompileExec1015502321_dependency_info.dat -lc++ -lSystem /Applications/Xcode.app/Contents/Developer/Toolchains/XcodeDefault.xctoolchain/usr/bin/../lib/clang/6.1.0/lib/darwin/libclang_rt.osx.a -F/Users/dai/cpp/sys/GLFW_Opengl/ShadowMap/Xcode/CMakeFiles/CMakeTmp/Debug
@(#)PROGRAM:ld  PROJECT:ld64-242
configured to support archs: armv6 armv7 armv7s arm64 i386 x86_64 x86_64h armv6m armv7m armv7em
Library search paths:
	/Users/dai/cpp/sys/GLFW_Opengl/ShadowMap/Xcode/CMakeFiles/CMakeTmp/Debug
	/Applications/Xcode.app/Contents/Developer/Platforms/MacOSX.platform/Developer/SDKs/MacOSX10.10.sdk/usr/lib
Framework search paths:
	/Users/dai/cpp/sys/GLFW_Opengl/ShadowMap/Xcode/CMakeFiles/CMakeTmp/Debug
	/Applications/Xcode.app/Contents/Developer/Platforms/MacOSX.platform/Developer/SDKs/MacOSX10.10.sdk/System/Library/Frameworks/

** BUILD SUCCEEDED **



Parsed CXX implicit link information from above output:
  link line regex: [^( *|.*[/\])(ld|([^/\]+-)?ld|collect2)[^/\]*( |$)]
  ignore line: [Change Dir: /Users/dai/cpp/sys/GLFW_Opengl/ShadowMap/Xcode/CMakeFiles/CMakeTmp]
  ignore line: []
  ignore line: [Run Build Command:"/usr/local/Cellar/cmake/3.1.1/bin/cmakexbuild" "-project" "CMAKE_TRY_COMPILE.xcodeproj" "build" "-target" "cmTryCompileExec1015502321" "-configuration" "Debug"]
  ignore line: [2016-10-06 02:10:37.409 xcodebuild[13777:732380] [MT] PluginLoading: Required plug-in compatibility UUID 9F75337B-21B4-4ADC-B558-F9CADF7073A7 for plug-in at path '~/Library/Application Support/Developer/Shared/Xcode/Plug-ins/Alcatraz.xcplugin' not present in DVTPlugInCompatibilityUUIDs]
  ignore line: [2016-10-06 02:10:37.410 xcodebuild[13777:732380] Failed to load plugin at: /Users/dai/Library/Application Support/Developer/Shared/Xcode/Plug-ins/Alcatraz.xcplugin, skipping.  Reason for failure: *** -[__NSPlaceholderDictionary initWithObjects:forKeys:count:]: attempt to insert nil object from objects[0]]
  ignore line: [=== BUILD TARGET cmTryCompileExec1015502321 OF PROJECT CMAKE_TRY_COMPILE WITH CONFIGURATION Debug ===]
  ignore line: []
  ignore line: [Check dependencies]
  ignore line: []
  ignore line: [Write auxiliary files]
  ignore line: [/bin/mkdir -p /Users/dai/cpp/sys/GLFW_Opengl/ShadowMap/Xcode/CMakeFiles/CMakeTmp/CMAKE_TRY_COMPILE.build/Debug/cmTryCompileExec1015502321.build/Objects-normal/x86_64]
  ignore line: [write-file /Users/dai/cpp/sys/GLFW_Opengl/ShadowMap/Xcode/CMakeFiles/CMakeTmp/CMAKE_TRY_COMPILE.build/Debug/cmTryCompileExec1015502321.build/Objects-normal/x86_64/cmTryCompileExec1015502321.LinkFileList]
  ignore line: []
  ignore line: [CompileC CMAKE_TRY_COMPILE.build/Debug/cmTryCompileExec1015502321.build/Objects-normal/x86_64/CMakeCXXCompilerABI.o /usr/local/Cellar/cmake/3.1.1/share/cmake/Modules/CMakeCXXCompilerABI.cpp normal x86_64 c++ com.apple.compilers.llvm.clang.1_0.compiler]
  ignore line: [    cd /Users/dai/cpp/sys/GLFW_Opengl/ShadowMap/Xcode/CMakeFiles/CMakeTmp]
  ignore line: [    export LANG=en_US.US-ASCII]
  ignore line: [    /Applications/Xcode.app/Contents/Developer/Toolchains/XcodeDefault.xctoolchain/usr/bin/clang -x c++ -arch x86_64 -fmessage-length=0 -fdiagnostics-show-note-include-stack -fmacro-backtrace-limit=0 -Wno-trigraphs -fpascal-strings -O0 -Wno-missing-field-initializers -Wno-missing-prototypes -Wno-return-type -Wno-non-virtual-dtor -Wno-overloaded-virtual -Wno-exit-time-destructors -Wno-missing-braces -Wparentheses -Wswitch -Wno-unused-function -Wno-unused-label -Wno-unused-parameter -Wno-unused-variable -Wunused-value -Wno-empty-body -Wno-uninitialized -Wno-unknown-pragmas -Wno-shadow -Wno-four-char-constants -Wno-conversion -Wno-constant-conversion -Wno-int-conversion -Wno-bool-conversion -Wno-enum-conversion -Wno-shorten-64-to-32 -Wno-newline-eof -Wno-c++11-extensions -DCMAKE_INTDIR=\"Debug\" -isysroot /Applications/Xcode.app/Contents/Developer/Platforms/MacOSX.platform/Developer/SDKs/MacOSX10.10.sdk -fasm-blocks -fstrict-aliasing -Wdeprecated-declarations -Winvalid-offsetof -mmacosx-version-min=10.10 -Wno-sign-conversion -I/Users/dai/cpp/sys/GLFW_Opengl/ShadowMap/Xcode/CMakeFiles/CMakeTmp/Debug/include -I/Applications/Xcode.app/Contents/Developer/Toolchains/XcodeDefault.xctoolchain/usr/include -I/Users/dai/cpp/sys/GLFW_Opengl/ShadowMap/Xcode/CMakeFiles/CMakeTmp/CMAKE_TRY_COMPILE.build/Debug/cmTryCompileExec1015502321.build/DerivedSources/x86_64 -I/Users/dai/cpp/sys/GLFW_Opengl/ShadowMap/Xcode/CMakeFiles/CMakeTmp/CMAKE_TRY_COMPILE.build/Debug/cmTryCompileExec1015502321.build/DerivedSources -Wmost -Wno-four-char-constants -Wno-unknown-pragmas -F/Users/dai/cpp/sys/GLFW_Opengl/ShadowMap/Xcode/CMakeFiles/CMakeTmp/Debug -g -MMD -MT dependencies -MF /Users/dai/cpp/sys/GLFW_Opengl/ShadowMap/Xcode/CMakeFiles/CMakeTmp/CMAKE_TRY_COMPILE.build/Debug/cmTryCompileExec1015502321.build/Objects-normal/x86_64/CMakeCXXCompilerABI.d --serialize-diagnostics /Users/dai/cpp/sys/GLFW_Opengl/ShadowMap/Xcode/CMakeFiles/CMakeTmp/CMAKE_TRY_COMPILE.build/Debug/cmTryCompileExec1015502321.build/Objects-normal/x86_64/CMakeCXXCompilerABI.dia -c /usr/local/Cellar/cmake/3.1.1/share/cmake/Modules/CMakeCXXCompilerABI.cpp -o /Users/dai/cpp/sys/GLFW_Opengl/ShadowMap/Xcode/CMakeFiles/CMakeTmp/CMAKE_TRY_COMPILE.build/Debug/cmTryCompileExec1015502321.build/Objects-normal/x86_64/CMakeCXXCompilerABI.o]
  ignore line: []
  ignore line: [Ld Debug/cmTryCompileExec1015502321 normal x86_64]
  ignore line: [    cd /Users/dai/cpp/sys/GLFW_Opengl/ShadowMap/Xcode/CMakeFiles/CMakeTmp]
  ignore line: [    export MACOSX_DEPLOYMENT_TARGET=10.10]
  ignore line: [    /Applications/Xcode.app/Contents/Developer/Toolchains/XcodeDefault.xctoolchain/usr/bin/clang++ -arch x86_64 -isysroot /Applications/Xcode.app/Contents/Developer/Platforms/MacOSX.platform/Developer/SDKs/MacOSX10.10.sdk -L/Users/dai/cpp/sys/GLFW_Opengl/ShadowMap/Xcode/CMakeFiles/CMakeTmp/Debug -F/Users/dai/cpp/sys/GLFW_Opengl/ShadowMap/Xcode/CMakeFiles/CMakeTmp/Debug -filelist /Users/dai/cpp/sys/GLFW_Opengl/ShadowMap/Xcode/CMakeFiles/CMakeTmp/CMAKE_TRY_COMPILE.build/Debug/cmTryCompileExec1015502321.build/Objects-normal/x86_64/cmTryCompileExec1015502321.LinkFileList -mmacosx-version-min=10.10 -v -Wl,-v -Wl,-search_paths_first -Wl,-headerpad_max_install_names -Xlinker -dependency_info -Xlinker /Users/dai/cpp/sys/GLFW_Opengl/ShadowMap/Xcode/CMakeFiles/CMakeTmp/CMAKE_TRY_COMPILE.build/Debug/cmTryCompileExec1015502321.build/Objects-normal/x86_64/cmTryCompileExec1015502321_dependency_info.dat -o /Users/dai/cpp/sys/GLFW_Opengl/ShadowMap/Xcode/CMakeFiles/CMakeTmp/Debug/cmTryCompileExec1015502321]
  ignore line: [Apple LLVM version 6.1.0 (clang-602.0.49) (based on LLVM 3.6.0svn)]
  ignore line: [Target: x86_64-apple-darwin14.4.0]
  ignore line: [Thread model: posix]
  reduced line: [ "/Applications/Xcode.app/Contents/Developer/Toolchains/XcodeDefault.xctoolchain/usr/bin/ld" -demangle -dynamic -arch x86_64 -macosx_version_min 10.10.0 -syslibroot /Applications/Xcode.app/Contents/Developer/Platforms/MacOSX.platform/Developer/SDKs/MacOSX10.10.sdk -o /Users/dai/cpp/sys/GLFW_Opengl/ShadowMap/Xcode/CMakeFiles/CMakeTmp/Debug/cmTryCompileExec1015502321 -L/Users/dai/cpp/sys/GLFW_Opengl/ShadowMap/Xcode/CMakeFiles/CMakeTmp/Debug -filelist /Users/dai/cpp/sys/GLFW_Opengl/ShadowMap/Xcode/CMakeFiles/CMakeTmp/CMAKE_TRY_COMPILE.build/Debug/cmTryCompileExec1015502321.build/Objects-normal/x86_64/cmTryCompileExec1015502321.LinkFileList -v -search_paths_first -headerpad_max_install_names -dependency_info /Users/dai/cpp/sys/GLFW_Opengl/ShadowMap/Xcode/CMakeFiles/CMakeTmp/CMAKE_TRY_COMPILE.build/Debug/cmTryCompileExec1015502321.build/Objects-normal/x86_64/cmTryCompileExec1015502321_dependency_info.dat -lc++ -lSystem /Applications/Xcode.app/Contents/Developer/Toolchains/XcodeDefault.xctoolchain/usr/bin/../lib/clang/6.1.0/lib/darwin/libclang_rt.osx.a -F/Users/dai/cpp/sys/GLFW_Opengl/ShadowMap/Xcode/CMakeFiles/CMakeTmp/Debug]
            to: [ "/Applications/Xcode.app/Contents/Developer/Toolchains/XcodeDefault.xctoolchain/usr/bin/ld" -demangle -dynamic -arch x86_64 -macosx_version_min 10.10.0 -syslibroot /Applications/Xcode.app/Contents/Developer/Platforms/MacOSX.platform/Developer/SDKs/MacOSX10.10.sdk -o /Users/dai/cpp/sys/GLFW_Opengl/ShadowMap/Xcode/CMakeFiles/CMakeTmp/Debug/cmTryCompileExec1015502321 -filelist /Users/dai/cpp/sys/GLFW_Opengl/ShadowMap/Xcode/CMakeFiles/CMakeTmp/CMAKE_TRY_COMPILE.build/Debug/cmTryCompileExec1015502321.build/Objects-normal/x86_64/cmTryCompileExec1015502321.LinkFileList -v -search_paths_first -headerpad_max_install_names -dependency_info /Users/dai/cpp/sys/GLFW_Opengl/ShadowMap/Xcode/CMakeFiles/CMakeTmp/CMAKE_TRY_COMPILE.build/Debug/cmTryCompileExec1015502321.build/Objects-normal/x86_64/cmTryCompileExec1015502321_dependency_info.dat -lc++ -lSystem /Applications/Xcode.app/Contents/Developer/Toolchains/XcodeDefault.xctoolchain/usr/bin/../lib/clang/6.1.0/lib/darwin/libclang_rt.osx.a ]
  link line: [ "/Applications/Xcode.app/Contents/Developer/Toolchains/XcodeDefault.xctoolchain/usr/bin/ld" -demangle -dynamic -arch x86_64 -macosx_version_min 10.10.0 -syslibroot /Applications/Xcode.app/Contents/Developer/Platforms/MacOSX.platform/Developer/SDKs/MacOSX10.10.sdk -o /Users/dai/cpp/sys/GLFW_Opengl/ShadowMap/Xcode/CMakeFiles/CMakeTmp/Debug/cmTryCompileExec1015502321 -filelist /Users/dai/cpp/sys/GLFW_Opengl/ShadowMap/Xcode/CMakeFiles/CMakeTmp/CMAKE_TRY_COMPILE.build/Debug/cmTryCompileExec1015502321.build/Objects-normal/x86_64/cmTryCompileExec1015502321.LinkFileList -v -search_paths_first -headerpad_max_install_names -dependency_info /Users/dai/cpp/sys/GLFW_Opengl/ShadowMap/Xcode/CMakeFiles/CMakeTmp/CMAKE_TRY_COMPILE.build/Debug/cmTryCompileExec1015502321.build/Objects-normal/x86_64/cmTryCompileExec1015502321_dependency_info.dat -lc++ -lSystem /Applications/Xcode.app/Contents/Developer/Toolchains/XcodeDefault.xctoolchain/usr/bin/../lib/clang/6.1.0/lib/darwin/libclang_rt.osx.a ]
    arg [/Applications/Xcode.app/Contents/Developer/Toolchains/XcodeDefault.xctoolchain/usr/bin/ld] ==> ignore
    arg [-demangle] ==> ignore
    arg [-dynamic] ==> ignore
    arg [-arch] ==> ignore
    arg [x86_64] ==> ignore
    arg [-macosx_version_min] ==> ignore
    arg [10.10.0] ==> ignore
    arg [-syslibroot] ==> ignore
    arg [/Applications/Xcode.app/Contents/Developer/Platforms/MacOSX.platform/Developer/SDKs/MacOSX10.10.sdk] ==> ignore
    arg [-o] ==> ignore
    arg [/Users/dai/cpp/sys/GLFW_Opengl/ShadowMap/Xcode/CMakeFiles/CMakeTmp/Debug/cmTryCompileExec1015502321] ==> ignore
    arg [-filelist] ==> ignore
    arg [/Users/dai/cpp/sys/GLFW_Opengl/ShadowMap/Xcode/CMakeFiles/CMakeTmp/CMAKE_TRY_COMPILE.build/Debug/cmTryCompileExec1015502321.build/Objects-normal/x86_64/cmTryCompileExec1015502321.LinkFileList] ==> ignore
    arg [-v] ==> ignore
    arg [-search_paths_first] ==> ignore
    arg [-headerpad_max_install_names] ==> ignore
    arg [-dependency_info] ==> ignore
    arg [/Users/dai/cpp/sys/GLFW_Opengl/ShadowMap/Xcode/CMakeFiles/CMakeTmp/CMAKE_TRY_COMPILE.build/Debug/cmTryCompileExec1015502321.build/Objects-normal/x86_64/cmTryCompileExec1015502321_dependency_info.dat] ==> ignore
    arg [-lc++] ==> lib [c++]
    arg [-lSystem] ==> lib [System]
    arg [/Applications/Xcode.app/Contents/Developer/Toolchains/XcodeDefault.xctoolchain/usr/bin/../lib/clang/6.1.0/lib/darwin/libclang_rt.osx.a] ==> lib [/Applications/Xcode.app/Contents/Developer/Toolchains/XcodeDefault.xctoolchain/usr/bin/../lib/clang/6.1.0/lib/darwin/libclang_rt.osx.a]
  Library search paths: [;/Users/dai/cpp/sys/GLFW_Opengl/ShadowMap/Xcode/CMakeFiles/CMakeTmp/Debug;/Applications/Xcode.app/Contents/Developer/Platforms/MacOSX.platform/Developer/SDKs/MacOSX10.10.sdk/usr/lib]
  Framework search paths: [;/Users/dai/cpp/sys/GLFW_Opengl/ShadowMap/Xcode/CMakeFiles/CMakeTmp/Debug;/Applications/Xcode.app/Contents/Developer/Platforms/MacOSX.platform/Developer/SDKs/MacOSX10.10.sdk/System/Library/Frameworks/]
  remove lib [System]
  collapse lib [/Applications/Xcode.app/Contents/Developer/Toolchains/XcodeDefault.xctoolchain/usr/bin/../lib/clang/6.1.0/lib/darwin/libclang_rt.osx.a] ==> [/Applications/Xcode.app/Contents/Developer/Toolchains/XcodeDefault.xctoolchain/usr/lib/clang/6.1.0/lib/darwin/libclang_rt.osx.a]
  collapse library dir [/Users/dai/cpp/sys/GLFW_Opengl/ShadowMap/Xcode/CMakeFiles/CMakeTmp/Debug] ==> [/Users/dai/cpp/sys/GLFW_Opengl/ShadowMap/Xcode/CMakeFiles/CMakeTmp/Debug], skipping non-system directory
  collapse library dir [/Applications/Xcode.app/Contents/Developer/Platforms/MacOSX.platform/Developer/SDKs/MacOSX10.10.sdk/usr/lib] ==> [/Applications/Xcode.app/Contents/Developer/Platforms/MacOSX.platform/Developer/SDKs/MacOSX10.10.sdk/usr/lib]
  collapse framework dir [/Users/dai/cpp/sys/GLFW_Opengl/ShadowMap/Xcode/CMakeFiles/CMakeTmp/Debug] ==> [/Users/dai/cpp/sys/GLFW_Opengl/ShadowMap/Xcode/CMakeFiles/CMakeTmp/Debug], skipping non-system directory
  collapse framework dir [/Applications/Xcode.app/Contents/Developer/Platforms/MacOSX.platform/Developer/SDKs/MacOSX10.10.sdk/System/Library/Frameworks/] ==> [/Applications/Xcode.app/Contents/Developer/Platforms/MacOSX.platform/Developer/SDKs/MacOSX10.10.sdk/System/Library/Frameworks]
  implicit libs: [c++;/Applications/Xcode.app/Contents/Developer/Toolchains/XcodeDefault.xctoolchain/usr/lib/clang/6.1.0/lib/darwin/libclang_rt.osx.a]
  implicit dirs: [/Applications/Xcode.app/Contents/Developer/Platforms/MacOSX.platform/Developer/SDKs/MacOSX10.10.sdk/usr/lib]
  implicit fwks: [/Applications/Xcode.app/Contents/Developer/Platforms/MacOSX.platform/Developer/SDKs/MacOSX10.10.sdk/System/Library/Frameworks]


